<?xml version="1.0" encoding="UTF-8"?>
<!-- Generated by org.testng.reporters.JUnitXMLReporter -->
<testsuite ignored="4" hostname="DESKTOP-99COHO2" failures="0" tests="2" name="Groupe Test" time="0.059" errors="0" timestamp="2021-12-18T17:14:33 IST">
  <testcase classname="testNG.GroupClass" name="Xiomi1" time="0.009"/>
  <testcase classname="testNG.GroupClass" name="Xiomi2" time="0.001"/>
  <testcase classname="testNG.GroupClass" name="Samsung1" time="0.0">
    <ignored/>
  </testcase> <!-- Samsung1 -->
  <testcase classname="testNG.GroupClass" name="apple2" time="0.0">
    <ignored/>
  </testcase> <!-- apple2 -->
  <testcase classname="testNG.GroupClass" name="Samsung2" time="0.0">
    <ignored/>
  </testcase> <!-- Samsung2 -->
  <testcase classname="testNG.GroupClass" name="apple1" time="0.0">
    <ignored/>
  </testcase> <!-- apple1 -->
</testsuite> <!-- Groupe Test -->
