<?xml version="1.0" encoding="UTF-8"?>
<testng-results ignored="0" total="4" passed="4" failed="0" skipped="0">
  <reporter-output>
  </reporter-output>
  <suite started-at="2021-12-21T15:06:34 IST" name="Default suite" finished-at="2021-12-21T15:06:34 IST" duration-ms="67">
    <groups>
    </groups>
    <test started-at="2021-12-21T15:06:34 IST" name="Default test" finished-at="2021-12-21T15:06:34 IST" duration-ms="67">
      <class name="testNG.DependsOn">
        <test-method signature="openBrowser()[pri:0, instance:testNG.DependsOn@41e36e46]" started-at="2021-12-21T15:06:34 IST" name="openBrowser" finished-at="2021-12-21T15:06:34 IST" duration-ms="10" status="PASS">
          <reporter-output>
          </reporter-output>
        </test-method> <!-- openBrowser -->
        <test-method signature="lauchURL()[pri:0, instance:testNG.DependsOn@41e36e46]" started-at="2021-12-21T15:06:34 IST" name="lauchURL" finished-at="2021-12-21T15:06:34 IST" depends-on-methods="testNG.DependsOn.openBrowser" duration-ms="2" status="PASS">
          <reporter-output>
          </reporter-output>
        </test-method> <!-- lauchURL -->
        <test-method signature="login()[pri:0, instance:testNG.DependsOn@41e36e46]" started-at="2021-12-21T15:06:34 IST" name="login" finished-at="2021-12-21T15:06:34 IST" depends-on-methods="testNG.DependsOn.lauchURL" duration-ms="2" status="PASS">
          <reporter-output>
          </reporter-output>
        </test-method> <!-- login -->
        <test-method signature="successful()[pri:0, instance:testNG.DependsOn@41e36e46]" started-at="2021-12-21T15:06:34 IST" name="successful" finished-at="2021-12-21T15:06:34 IST" depends-on-methods="testNG.DependsOn.login" duration-ms="1" status="PASS">
          <reporter-output>
          </reporter-output>
        </test-method> <!-- successful -->
      </class> <!-- testNG.DependsOn -->
    </test> <!-- Default test -->
  </suite> <!-- Default suite -->
</testng-results>
