<?xml version="1.0" encoding="UTF-8"?>
<!-- Generated by org.testng.reporters.JUnitXMLReporter -->
<testsuite ignored="0" hostname="DESKTOP-99COHO2" failures="0" tests="4" name="Default test" time="0.067" errors="0" timestamp="2021-12-21T15:06:34 IST">
  <testcase classname="testNG.DependsOn" name="openBrowser" time="0.01"/>
  <testcase classname="testNG.DependsOn" name="lauchURL" time="0.002"/>
  <testcase classname="testNG.DependsOn" name="login" time="0.002"/>
  <testcase classname="testNG.DependsOn" name="successful" time="0.001"/>
</testsuite> <!-- Default test -->
