<?xml version="1.0" encoding="UTF-8"?>
<!-- Generated by org.testng.reporters.JUnitXMLReporter -->
<testsuite ignored="1" hostname="DESKTOP-99COHO2" failures="0" tests="13" name="Test Cases" time="0.102" errors="0" timestamp="2021-12-18T16:57:59 IST">
  <testcase classname="testNG.DependsOn" name="openBrowser" time="0.016"/>
  <testcase classname="testNG.DependsOn" name="lauchURL" time="0.002"/>
  <testcase classname="testNG.DependsOn" name="login" time="0.001"/>
  <testcase classname="testNG.DependsOn" name="successful" time="0.002"/>
  <testcase classname="testNG.Priority" name="elementrySchool" time="0.002"/>
  <testcase classname="testNG.Priority" name="highschool" time="0.001"/>
  <testcase classname="testNG.Priority" name="job" time="0.001"/>
  <testcase classname="testNG.Priority" name="playSchool" time="0.001"/>
  <testcase classname="testNG.Priority" name="practice" time="0.001"/>
  <testcase classname="testNG.Priority" name="collage" time="0.001"/>
  <testcase classname="testNG.SkipTestCase" name="elementrySchool" time="0.001"/>
  <testcase classname="testNG.SkipTestCase" name="highSchool" time="0.001"/>
  <testcase classname="testNG.SkipTestCase" name="Collage" time="0.002"/>
  <testcase classname="testNG.SkipTestCase" name="playSchool" time="0.0">
    <ignored/>
  </testcase> <!-- playSchool -->
</testsuite> <!-- Test Cases -->
