<?xml version="1.0" encoding="UTF-8"?>
<!-- Generated by org.testng.reporters.JUnitXMLReporter -->
<testsuite ignored="0" hostname="DESKTOP-99COHO2" failures="0" tests="3" name="Para Test" time="10.064" errors="0" timestamp="2021-12-19T22:24:29 IST">
  <testcase classname="testNG.Parameterization" name="givenID" time="0.022"/>
  <testcase classname="testNG.Parameterization" name="givenName" time="0.002"/>
  <testcase classname="testNG.Parameterization" name="loginPage" time="9.914"/>
</testsuite> <!-- Para Test -->
