<?xml version="1.0" encoding="UTF-8"?>
<!-- Generated by org.testng.reporters.JUnitXMLReporter -->
<testsuite ignored="0" hostname="DESKTOP-99COHO2" failures="1" tests="1" name="Login Test" time="0.043" errors="0" timestamp="2021-12-20T07:59:46 IST">
  <testcase classname="testNG.Login" name="loginFunc" time="0.0">
    <failure type="org.testng.TestNGException" message="
Data Provider public void testNG.Login.dataProvider() returned a null value">
      <![CDATA[org.testng.TestNGException: 
Data Provider public void testNG.Login.dataProvider() returned a null value
at java.base/java.util.ArrayList.forEach(ArrayList.java:1511)
... Removed 24 stack frames]]>
    </failure>
  </testcase> <!-- loginFunc -->
</testsuite> <!-- Login Test -->
